{
  "stats": {
    "suites": 1,
    "tests": 6,
    "passes": 6,
    "pending": 0,
    "failures": 0,
    "start": "2025-10-22T22:40:08.374Z",
    "end": "2025-10-22T22:40:13.739Z",
    "duration": 5365,
    "testsRegistered": 6,
    "passPercent": 100,
    "pendingPercent": 0,
    "other": 0,
    "hasOther": false,
    "skipped": 0,
    "hasSkipped": false
  },
  "results": [
    {
      "uuid": "affd58d9-54b2-4cec-a2d1-c4e3cb921f73",
      "title": "",
      "fullFile": "cypress\\e2e\\usuarios.cy.js",
      "file": "cypress\\e2e\\usuarios.cy.js",
      "beforeHooks": [],
      "afterHooks": [],
      "tests": [],
      "suites": [
        {
          "uuid": "82e8e599-4498-47c5-a324-3cffff540786",
          "title": "API Test usuarios",
          "fullFile": "",
          "file": "",
          "beforeHooks": [],
          "afterHooks": [],
          "tests": [
            {
              "title": "Lista de usuarios",
              "fullTitle": "API Test usuarios Lista de usuarios",
              "timedOut": null,
              "duration": 3957,
              "state": "passed",
              "speed": "fast",
              "pass": true,
              "fail": false,
              "pending": false,
              "context": null,
              "code": "cy.request({\n  method: 'GET',\n  url: '/usuarios'\n}).then(response => {\n  if (response.status !== 200) {\n    cy.log('Falha ao obter retorno da API');\n    cy.log(response.body);\n  } else {\n    const status = response.status;\n    cy.log('Status da lista de usuarios: ' + status);\n    console.log('Status da lista de usuarios: ' + status);\n  }\n  expect(response.status).to.eq(200);\n});",
              "err": {},
              "uuid": "2278798b-ad7f-4900-b5fe-cea96ec2469b",
              "parentUUID": "82e8e599-4498-47c5-a324-3cffff540786",
              "isHook": false,
              "skipped": false
            },
            {
              "title": "Cadastro Usuario",
              "fullTitle": "API Test usuarios Cadastro Usuario",
              "timedOut": null,
              "duration": 192,
              "state": "passed",
              "speed": "fast",
              "pass": true,
              "fail": false,
              "pending": false,
              "context": null,
              "code": "cy.request({\n  method: 'POST',\n  url: '/usuarios',\n  headers: {\n    'Accept': 'application/json',\n    'Content-Type': 'application/json'\n  },\n  body: {\n    \"nome\": \"Teste Silva\",\n    \"email\": \"silva.teste12@qa.com.br\",\n    \"password\": \"teste1\",\n    \"administrador\": \"true\"\n  }\n}).then(response => {\n  if (response.status !== 201) {\n    cy.log('Falha ao obter retorno da API Cadastro');\n    cy.log(response.body);\n  } else {\n    const status = response.status;\n    const id = response.body._id;\n    cy.log('Status cadastro: ' + status);\n    console.log('Status cadastro: ' + status);\n    console.log('Usuario cadastrado com ID: ' + id);\n    Cypress.env('usuarioId', id);\n  }\n  expect(response.status).to.eq(201);\n  expect(response.body).to.have.property('message').and.to.be.a('string');\n  expect(response.body).to.have.property('_id').and.to.be.a('string');\n});",
              "err": {},
              "uuid": "916f3cc7-36dd-4baa-9319-16af2f316cd7",
              "parentUUID": "82e8e599-4498-47c5-a324-3cffff540786",
              "isHook": false,
              "skipped": false
            },
            {
              "title": "Consulta usuario cadastrado",
              "fullTitle": "API Test usuarios Consulta usuario cadastrado",
              "timedOut": null,
              "duration": 184,
              "state": "passed",
              "speed": "fast",
              "pass": true,
              "fail": false,
              "pending": false,
              "context": null,
              "code": "const id = Cypress.env('usuarioId');\ncy.log('Usando ID do usuário: ' + id);\ncy.request({\n  method: 'GET',\n  url: `/usuarios/${id}`\n}).then(response => {\n  expect(response.status).to.eq(200);\n});",
              "err": {},
              "uuid": "96025db8-279d-4646-af42-a8b6f4a64e47",
              "parentUUID": "82e8e599-4498-47c5-a324-3cffff540786",
              "isHook": false,
              "skipped": false
            },
            {
              "title": "Atualizar usuario cadastrado",
              "fullTitle": "API Test usuarios Atualizar usuario cadastrado",
              "timedOut": null,
              "duration": 191,
              "state": "passed",
              "speed": "fast",
              "pass": true,
              "fail": false,
              "pending": false,
              "context": null,
              "code": "const id = Cypress.env('usuarioId');\nexpect(id, 'ID do usuário deve estar definido').to.exist;\nconst requestBody = {\n  nome: \"Teste Silva \",\n  email: `silva.${id}@qa.com.br`,\n  password: \"teste1\",\n  administrador: \"true\"\n};\ncy.request({\n  method: 'PUT',\n  url: `/usuarios/${id}`,\n  body: requestBody\n}).then(response => {\n  expect(response.status).to.eq(200);\n  // Salva os valores que sabemos que foram enviados\n  Cypress.env('usuarionome', requestBody.nome);\n  Cypress.env('usuarioemail', requestBody.email);\n  Cypress.env('usuariopassword', requestBody.password);\n  Cypress.env('usuarioadministrador', requestBody.administrador);\n});",
              "err": {},
              "uuid": "705cb38b-4afb-4f4e-a9f0-e68bcd162c78",
              "parentUUID": "82e8e599-4498-47c5-a324-3cffff540786",
              "isHook": false,
              "skipped": false
            },
            {
              "title": "Consulta Atualização cadastrado",
              "fullTitle": "API Test usuarios Consulta Atualização cadastrado",
              "timedOut": null,
              "duration": 186,
              "state": "passed",
              "speed": "fast",
              "pass": true,
              "fail": false,
              "pending": false,
              "context": null,
              "code": "const id = Cypress.env('usuarioId');\nconst nome = Cypress.env('usuarionome');\nconst email = Cypress.env('usuarioemail');\nconst password = Cypress.env('usuariopassword');\nconst administrador = Cypress.env('usuarioadministrador');\ncy.log('Usando ID do usuário: ' + id);\ncy.request({\n  method: 'GET',\n  url: `/usuarios/${id}`\n}).then(response => {\n  expect(response.status).to.eq(200);\n  expect(response.body.nome).to.eq(nome);\n  expect(response.body.email).to.eq(email);\n  expect(response.body.password).to.eq(password);\n  expect(response.body.administrador).to.eq(administrador);\n});",
              "err": {},
              "uuid": "da31298c-8b54-4069-8915-5f4ef3b3b8c2",
              "parentUUID": "82e8e599-4498-47c5-a324-3cffff540786",
              "isHook": false,
              "skipped": false
            },
            {
              "title": "Excluir usuario cadastrado",
              "fullTitle": "API Test usuarios Excluir usuario cadastrado",
              "timedOut": null,
              "duration": 191,
              "state": "passed",
              "speed": "fast",
              "pass": true,
              "fail": false,
              "pending": false,
              "context": null,
              "code": "const id = Cypress.env('usuarioId');\nconst nome = Cypress.env('usuarioId');\nconst email = Cypress.env('usuarioemail');\nconst password = Cypress.env('usuariopassword');\nconst administrador = Cypress.env('usuarioadministrador');\ncy.request({\n  method: 'DELETE',\n  url: `/usuarios/${id}`,\n  body: {\n    \"nome\": nome,\n    \"email\": email,\n    \"password\": password,\n    \"administrador\": administrador\n  }\n}).then(response => {\n  expect(response.status).to.eq(200);\n  expect(response.body.message).to.eq(\"Registro excluído com sucesso\");\n});",
              "err": {},
              "uuid": "51639661-6a46-4fae-a153-17cf4a3194cf",
              "parentUUID": "82e8e599-4498-47c5-a324-3cffff540786",
              "isHook": false,
              "skipped": false
            }
          ],
          "suites": [],
          "passes": [
            "2278798b-ad7f-4900-b5fe-cea96ec2469b",
            "916f3cc7-36dd-4baa-9319-16af2f316cd7",
            "96025db8-279d-4646-af42-a8b6f4a64e47",
            "705cb38b-4afb-4f4e-a9f0-e68bcd162c78",
            "da31298c-8b54-4069-8915-5f4ef3b3b8c2",
            "51639661-6a46-4fae-a153-17cf4a3194cf"
          ],
          "failures": [],
          "pending": [],
          "skipped": [],
          "duration": 4901,
          "root": false,
          "rootEmpty": false,
          "_timeout": 2000
        }
      ],
      "passes": [],
      "failures": [],
      "pending": [],
      "skipped": [],
      "duration": 0,
      "root": true,
      "rootEmpty": true,
      "_timeout": 2000
    }
  ],
  "meta": {
    "mocha": {
      "version": "7.0.1"
    },
    "mochawesome": {
      "options": {
        "quiet": false,
        "reportFilename": "[name]",
        "saveHtml": true,
        "saveJson": true,
        "consoleReporter": "spec",
        "useInlineDiffs": false,
        "code": true
      },
      "version": "7.1.3"
    },
    "marge": {
      "options": {
        "reportDir": "cypress/results",
        "overwrite": false,
        "html": true,
        "json": true,
        "timestamp": "mmddyyyy_HHMMss",
        "reportFilename": "[name]"
      },
      "version": "6.2.0"
    }
  }
}